[0.139s] DEBUG:colcon:Command line arguments: ['/usr/bin/colcon', 'build', '--packages-select', 'uav_control']
[0.140s] DEBUG:colcon:Parsed command line arguments: Namespace(log_base=None, log_level=None, verb_name='build', build_base='build', install_base='install', merge_install=False, symlink_install=False, test_result_base=None, continue_on_error=False, executor='parallel', parallel_workers=4, event_handlers=None, ignore_user_meta=False, metas=['./colcon.meta'], base_paths=['.'], packages_ignore=None, packages_ignore_regex=None, paths=None, packages_up_to=None, packages_up_to_regex=None, packages_above=None, packages_above_and_dependencies=None, packages_above_depth=None, packages_select_by_dep=None, packages_skip_by_dep=None, packages_skip_up_to=None, packages_select_build_failed=False, packages_skip_build_finished=False, packages_select_test_failures=False, packages_skip_test_passed=False, packages_select=['uav_control'], packages_skip=None, packages_select_regex=None, packages_skip_regex=None, packages_start=None, packages_end=None, allow_overriding=[], cmake_args=None, cmake_target=None, cmake_target_skip_unavailable=False, cmake_clean_cache=False, cmake_clean_first=False, cmake_force_configure=False, ament_cmake_args=None, catkin_cmake_args=None, catkin_skip_building_tests=False, mixin_files=None, mixin=None, verb_parser=<colcon_mixin.mixin.mixin_argument.MixinArgumentDecorator object at 0x7787a1dd9c90>, verb_extension=<colcon_core.verb.build.BuildVerb object at 0x7787a1f36ec0>, main=<bound method BuildVerb.main of <colcon_core.verb.build.BuildVerb object at 0x7787a1f36ec0>>, mixin_verb=('build',))
[0.301s] Level 1:colcon.colcon_core.package_discovery:discover_packages(colcon_meta) check parameters
[0.301s] Level 1:colcon.colcon_core.package_discovery:discover_packages(recursive) check parameters
[0.301s] Level 1:colcon.colcon_core.package_discovery:discover_packages(ignore) check parameters
[0.301s] Level 1:colcon.colcon_core.package_discovery:discover_packages(path) check parameters
[0.301s] Level 1:colcon.colcon_core.package_discovery:discover_packages(colcon_meta) discover
[0.301s] Level 1:colcon.colcon_core.package_discovery:discover_packages(recursive) discover
[0.301s] INFO:colcon.colcon_core.package_discovery:Crawling recursively for packages in '/home/tiago/HermesPerso/ros_ws'
[0.301s] Level 1:colcon.colcon_core.package_identification:_identify(.) by extensions ['ignore', 'ignore_ament_install']
[0.301s] Level 1:colcon.colcon_core.package_identification:_identify(.) by extension 'ignore'
[0.301s] Level 1:colcon.colcon_core.package_identification:_identify(.) by extension 'ignore_ament_install'
[0.301s] Level 1:colcon.colcon_core.package_identification:_identify(.) by extensions ['colcon_pkg']
[0.301s] Level 1:colcon.colcon_core.package_identification:_identify(.) by extension 'colcon_pkg'
[0.302s] Level 1:colcon.colcon_core.package_identification:_identify(.) by extensions ['colcon_meta']
[0.302s] Level 1:colcon.colcon_core.package_identification:_identify(.) by extension 'colcon_meta'
[0.302s] Level 1:colcon.colcon_core.package_identification:_identify(.) by extensions ['ros']
[0.302s] Level 1:colcon.colcon_core.package_identification:_identify(.) by extension 'ros'
[0.315s] Level 1:colcon.colcon_core.package_identification:_identify(.) by extensions ['cmake', 'python']
[0.315s] Level 1:colcon.colcon_core.package_identification:_identify(.) by extension 'cmake'
[0.315s] Level 1:colcon.colcon_core.package_identification:_identify(.) by extension 'python'
[0.315s] Level 1:colcon.colcon_core.package_identification:_identify(.) by extensions ['python_setup_py']
[0.315s] Level 1:colcon.colcon_core.package_identification:_identify(.) by extension 'python_setup_py'
[0.315s] Level 1:colcon.colcon_core.package_identification:_identify(build) by extensions ['ignore', 'ignore_ament_install']
[0.315s] Level 1:colcon.colcon_core.package_identification:_identify(build) by extension 'ignore'
[0.315s] Level 1:colcon.colcon_core.package_identification:_identify(build) ignored
[0.315s] Level 1:colcon.colcon_core.package_identification:_identify(install) by extensions ['ignore', 'ignore_ament_install']
[0.316s] Level 1:colcon.colcon_core.package_identification:_identify(install) by extension 'ignore'
[0.316s] Level 1:colcon.colcon_core.package_identification:_identify(install) ignored
[0.316s] Level 1:colcon.colcon_core.package_identification:_identify(log) by extensions ['ignore', 'ignore_ament_install']
[0.316s] Level 1:colcon.colcon_core.package_identification:_identify(log) by extension 'ignore'
[0.316s] Level 1:colcon.colcon_core.package_identification:_identify(log) ignored
[0.316s] Level 1:colcon.colcon_core.package_identification:_identify(src) by extensions ['ignore', 'ignore_ament_install']
[0.316s] Level 1:colcon.colcon_core.package_identification:_identify(src) by extension 'ignore'
[0.316s] Level 1:colcon.colcon_core.package_identification:_identify(src) by extension 'ignore_ament_install'
[0.316s] Level 1:colcon.colcon_core.package_identification:_identify(src) by extensions ['colcon_pkg']
[0.316s] Level 1:colcon.colcon_core.package_identification:_identify(src) by extension 'colcon_pkg'
[0.316s] Level 1:colcon.colcon_core.package_identification:_identify(src) by extensions ['colcon_meta']
[0.316s] Level 1:colcon.colcon_core.package_identification:_identify(src) by extension 'colcon_meta'
[0.316s] Level 1:colcon.colcon_core.package_identification:_identify(src) by extensions ['ros']
[0.317s] Level 1:colcon.colcon_core.package_identification:_identify(src) by extension 'ros'
[0.317s] Level 1:colcon.colcon_core.package_identification:_identify(src) by extensions ['cmake', 'python']
[0.317s] Level 1:colcon.colcon_core.package_identification:_identify(src) by extension 'cmake'
[0.317s] Level 1:colcon.colcon_core.package_identification:_identify(src) by extension 'python'
[0.317s] Level 1:colcon.colcon_core.package_identification:_identify(src) by extensions ['python_setup_py']
[0.317s] Level 1:colcon.colcon_core.package_identification:_identify(src) by extension 'python_setup_py'
[0.317s] Level 1:colcon.colcon_core.package_identification:_identify(src/uav_control) by extensions ['ignore', 'ignore_ament_install']
[0.317s] Level 1:colcon.colcon_core.package_identification:_identify(src/uav_control) by extension 'ignore'
[0.317s] Level 1:colcon.colcon_core.package_identification:_identify(src/uav_control) by extension 'ignore_ament_install'
[0.317s] Level 1:colcon.colcon_core.package_identification:_identify(src/uav_control) by extensions ['colcon_pkg']
[0.317s] Level 1:colcon.colcon_core.package_identification:_identify(src/uav_control) by extension 'colcon_pkg'
[0.317s] Level 1:colcon.colcon_core.package_identification:_identify(src/uav_control) by extensions ['colcon_meta']
[0.317s] Level 1:colcon.colcon_core.package_identification:_identify(src/uav_control) by extension 'colcon_meta'
[0.317s] Level 1:colcon.colcon_core.package_identification:_identify(src/uav_control) by extensions ['ros']
[0.317s] Level 1:colcon.colcon_core.package_identification:_identify(src/uav_control) by extension 'ros'
[0.321s] DEBUG:colcon.colcon_core.package_identification:Package 'src/uav_control' with type 'ros.ament_python' and name 'uav_control'
[0.322s] Level 1:colcon.colcon_core.package_discovery:discover_packages(recursive) using defaults
[0.322s] Level 1:colcon.colcon_core.package_discovery:discover_packages(ignore) discover
[0.322s] Level 1:colcon.colcon_core.package_discovery:discover_packages(ignore) using defaults
[0.322s] Level 1:colcon.colcon_core.package_discovery:discover_packages(path) discover
[0.322s] Level 1:colcon.colcon_core.package_discovery:discover_packages(path) using defaults
[0.345s] Level 1:colcon.colcon_core.package_discovery:discover_packages(prefix_path) check parameters
[0.345s] Level 1:colcon.colcon_core.package_discovery:discover_packages(prefix_path) discover
[0.346s] Level 1:colcon.colcon_core.package_discovery:discover_packages(prefix_path) using defaults
[0.348s] Level 5:colcon.colcon_core.verb:set package 'uav_control' build argument 'cmake_args' from command line to 'None'
[0.348s] Level 5:colcon.colcon_core.verb:set package 'uav_control' build argument 'cmake_target' from command line to 'None'
[0.348s] Level 5:colcon.colcon_core.verb:set package 'uav_control' build argument 'cmake_target_skip_unavailable' from command line to 'False'
[0.348s] Level 5:colcon.colcon_core.verb:set package 'uav_control' build argument 'cmake_clean_cache' from command line to 'False'
[0.348s] Level 5:colcon.colcon_core.verb:set package 'uav_control' build argument 'cmake_clean_first' from command line to 'False'
[0.348s] Level 5:colcon.colcon_core.verb:set package 'uav_control' build argument 'cmake_force_configure' from command line to 'False'
[0.348s] Level 5:colcon.colcon_core.verb:set package 'uav_control' build argument 'ament_cmake_args' from command line to 'None'
[0.348s] Level 5:colcon.colcon_core.verb:set package 'uav_control' build argument 'catkin_cmake_args' from command line to 'None'
[0.348s] Level 5:colcon.colcon_core.verb:set package 'uav_control' build argument 'catkin_skip_building_tests' from command line to 'False'
[0.348s] DEBUG:colcon.colcon_core.verb:Building package 'uav_control' with the following arguments: {'ament_cmake_args': None, 'build_base': '/home/tiago/HermesPerso/ros_ws/build/uav_control', 'catkin_cmake_args': None, 'catkin_skip_building_tests': False, 'cmake_args': None, 'cmake_clean_cache': False, 'cmake_clean_first': False, 'cmake_force_configure': False, 'cmake_target': None, 'cmake_target_skip_unavailable': False, 'install_base': '/home/tiago/HermesPerso/ros_ws/install/uav_control', 'merge_install': False, 'path': '/home/tiago/HermesPerso/ros_ws/src/uav_control', 'symlink_install': False, 'test_result_base': None}
[0.348s] INFO:colcon.colcon_core.executor:Executing jobs using 'parallel' executor
[0.349s] DEBUG:colcon.colcon_parallel_executor.executor.parallel:run_until_complete
[0.350s] INFO:colcon.colcon_ros.task.ament_python.build:Building ROS package in '/home/tiago/HermesPerso/ros_ws/src/uav_control' with build type 'ament_python'
[0.350s] Level 1:colcon.colcon_core.shell:create_environment_hook('uav_control', 'ament_prefix_path')
[0.352s] INFO:colcon.colcon_core.plugin_system:Skipping extension 'colcon_core.shell.bat': Not used on non-Windows systems
[0.352s] INFO:colcon.colcon_core.shell:Creating environment hook '/home/tiago/HermesPerso/ros_ws/install/uav_control/share/uav_control/hook/ament_prefix_path.ps1'
[0.353s] INFO:colcon.colcon_core.shell:Creating environment descriptor '/home/tiago/HermesPerso/ros_ws/install/uav_control/share/uav_control/hook/ament_prefix_path.dsv'
[0.354s] INFO:colcon.colcon_core.shell:Creating environment hook '/home/tiago/HermesPerso/ros_ws/install/uav_control/share/uav_control/hook/ament_prefix_path.sh'
[0.355s] INFO:colcon.colcon_core.shell:Skip shell extension 'powershell' for command environment: Not usable outside of PowerShell
[0.355s] DEBUG:colcon.colcon_core.shell:Skip shell extension 'dsv' for command environment
[0.652s] INFO:colcon.colcon_core.task.python.build:Building Python package in '/home/tiago/HermesPerso/ros_ws/src/uav_control'
[0.652s] INFO:colcon.colcon_core.shell:Skip shell extension 'powershell' for command environment: Not usable outside of PowerShell
[0.653s] DEBUG:colcon.colcon_core.shell:Skip shell extension 'dsv' for command environment
[0.992s] DEBUG:colcon.colcon_core.task.python.build:Available setuptools commands: build_clib, sdist, build_ext, bdist, bdist_egg, rotate, install_headers, build_scripts, bdist_wheel, build, alias, saveopts, setopt, install_scripts, dist_info, develop, check, symlink_data, upload, register, install_egg_info, bdist_dumb, easy_install, test, clean, install_lib, upload_docs, bdist_rpm, build_py, install_data, egg_info, install
[0.998s] DEBUG:colcon.colcon_core.event_handler.log_command:Invoking command in '/home/tiago/HermesPerso/ros_ws/src/uav_control': PYTHONPATH=/home/tiago/HermesPerso/ros_ws/build/uav_control/prefix_override:/usr/lib/python3/dist-packages/colcon_core/task/python/colcon_distutils_commands:/home/tiago/HermesPerso/ros_ws/install/uav_control/lib/python3.10/site-packages: /usr/bin/python3 -W ignore:setup.py install is deprecated -W ignore:easy_install command is deprecated setup.py egg_info --egg-base ../../build/uav_control build --build-base /home/tiago/HermesPerso/ros_ws/build/uav_control/build install --record /home/tiago/HermesPerso/ros_ws/build/uav_control/install.log --install-scripts $base/lib/uav_control --single-version-externally-managed install_data
[1.288s] DEBUG:colcon.colcon_core.event_handler.log_command:Invoked command in '/home/tiago/HermesPerso/ros_ws/src/uav_control' returned '0': PYTHONPATH=/home/tiago/HermesPerso/ros_ws/build/uav_control/prefix_override:/usr/lib/python3/dist-packages/colcon_core/task/python/colcon_distutils_commands:/home/tiago/HermesPerso/ros_ws/install/uav_control/lib/python3.10/site-packages: /usr/bin/python3 -W ignore:setup.py install is deprecated -W ignore:easy_install command is deprecated setup.py egg_info --egg-base ../../build/uav_control build --build-base /home/tiago/HermesPerso/ros_ws/build/uav_control/build install --record /home/tiago/HermesPerso/ros_ws/build/uav_control/install.log --install-scripts $base/lib/uav_control --single-version-externally-managed install_data
[1.290s] Level 1:colcon.colcon_core.environment:checking '/home/tiago/HermesPerso/ros_ws/install/uav_control' for CMake module files
[1.290s] Level 1:colcon.colcon_core.environment:checking '/home/tiago/HermesPerso/ros_ws/install/uav_control' for CMake config files
[1.291s] Level 1:colcon.colcon_core.environment:checking '/home/tiago/HermesPerso/ros_ws/install/uav_control/lib'
[1.291s] Level 1:colcon.colcon_core.environment:checking '/home/tiago/HermesPerso/ros_ws/install/uav_control/bin'
[1.291s] Level 1:colcon.colcon_core.environment:checking '/home/tiago/HermesPerso/ros_ws/install/uav_control/lib/pkgconfig/uav_control.pc'
[1.292s] Level 1:colcon.colcon_core.environment:checking '/home/tiago/HermesPerso/ros_ws/install/uav_control/lib/python3.10/site-packages'
[1.292s] Level 1:colcon.colcon_core.shell:create_environment_hook('uav_control', 'pythonpath')
[1.292s] INFO:colcon.colcon_core.shell:Creating environment hook '/home/tiago/HermesPerso/ros_ws/install/uav_control/share/uav_control/hook/pythonpath.ps1'
[1.293s] INFO:colcon.colcon_core.shell:Creating environment descriptor '/home/tiago/HermesPerso/ros_ws/install/uav_control/share/uav_control/hook/pythonpath.dsv'
[1.293s] INFO:colcon.colcon_core.shell:Creating environment hook '/home/tiago/HermesPerso/ros_ws/install/uav_control/share/uav_control/hook/pythonpath.sh'
[1.294s] Level 1:colcon.colcon_core.environment:checking '/home/tiago/HermesPerso/ros_ws/install/uav_control/bin'
[1.294s] Level 1:colcon.colcon_core.environment:create_environment_scripts_only(uav_control)
[1.294s] INFO:colcon.colcon_core.shell:Creating package script '/home/tiago/HermesPerso/ros_ws/install/uav_control/share/uav_control/package.ps1'
[1.296s] INFO:colcon.colcon_core.shell:Creating package descriptor '/home/tiago/HermesPerso/ros_ws/install/uav_control/share/uav_control/package.dsv'
[1.297s] INFO:colcon.colcon_core.shell:Creating package script '/home/tiago/HermesPerso/ros_ws/install/uav_control/share/uav_control/package.sh'
[1.298s] INFO:colcon.colcon_core.shell:Creating package script '/home/tiago/HermesPerso/ros_ws/install/uav_control/share/uav_control/package.bash'
[1.299s] INFO:colcon.colcon_core.shell:Creating package script '/home/tiago/HermesPerso/ros_ws/install/uav_control/share/uav_control/package.zsh'
[1.300s] Level 1:colcon.colcon_core.environment:create_file_with_runtime_dependencies(/home/tiago/HermesPerso/ros_ws/install/uav_control/share/colcon-core/packages/uav_control)
[1.300s] DEBUG:colcon.colcon_parallel_executor.executor.parallel:closing loop
[1.301s] DEBUG:colcon.colcon_parallel_executor.executor.parallel:loop closed
[1.301s] DEBUG:colcon.colcon_parallel_executor.executor.parallel:run_until_complete finished with '0'
[1.301s] DEBUG:colcon.colcon_core.event_reactor:joining thread
[1.307s] INFO:colcon.colcon_core.plugin_system:Skipping extension 'colcon_notification.desktop_notification.terminal_notifier': Not used on non-Darwin systems
[1.308s] INFO:colcon.colcon_core.plugin_system:Skipping extension 'colcon_notification.desktop_notification.win32': Not used on non-Windows systems
[1.308s] INFO:colcon.colcon_notification.desktop_notification:Sending desktop notification using 'notify2'
[1.325s] DEBUG:colcon.colcon_core.event_reactor:joined thread
[1.326s] INFO:colcon.colcon_core.shell:Creating prefix script '/home/tiago/HermesPerso/ros_ws/install/local_setup.ps1'
[1.327s] INFO:colcon.colcon_core.shell:Creating prefix util module '/home/tiago/HermesPerso/ros_ws/install/_local_setup_util_ps1.py'
[1.329s] INFO:colcon.colcon_core.shell:Creating prefix chain script '/home/tiago/HermesPerso/ros_ws/install/setup.ps1'
[1.330s] INFO:colcon.colcon_core.shell:Creating prefix script '/home/tiago/HermesPerso/ros_ws/install/local_setup.sh'
[1.331s] INFO:colcon.colcon_core.shell:Creating prefix util module '/home/tiago/HermesPerso/ros_ws/install/_local_setup_util_sh.py'
[1.332s] INFO:colcon.colcon_core.shell:Creating prefix chain script '/home/tiago/HermesPerso/ros_ws/install/setup.sh'
[1.333s] INFO:colcon.colcon_core.shell:Creating prefix script '/home/tiago/HermesPerso/ros_ws/install/local_setup.bash'
[1.333s] INFO:colcon.colcon_core.shell:Creating prefix chain script '/home/tiago/HermesPerso/ros_ws/install/setup.bash'
[1.334s] INFO:colcon.colcon_core.shell:Creating prefix script '/home/tiago/HermesPerso/ros_ws/install/local_setup.zsh'
[1.335s] INFO:colcon.colcon_core.shell:Creating prefix chain script '/home/tiago/HermesPerso/ros_ws/install/setup.zsh'
