[0.730s] Invoking command in '/home/tiago/HermesPerso/ros_ws/src/uav_control': PYTHONPATH=/home/tiago/HermesPerso/ros_ws/build/uav_control/prefix_override:/usr/lib/python3/dist-packages/colcon_core/task/python/colcon_distutils_commands:/home/tiago/HermesPerso/ros_ws/install/uav_control/lib/python3.10/site-packages:${PYTHONPATH} /usr/bin/python3 -W ignore:setup.py install is deprecated -W ignore:easy_install command is deprecated setup.py egg_info --egg-base ../../build/uav_control build --build-base /home/tiago/HermesPerso/ros_ws/build/uav_control/build install --record /home/tiago/HermesPerso/ros_ws/build/uav_control/install.log --install-scripts $base/lib/uav_control --single-version-externally-managed install_data
[1.012s] running egg_info
[1.013s] writing ../../build/uav_control/uav_control.egg-info/PKG-INFO
[1.014s] writing dependency_links to ../../build/uav_control/uav_control.egg-info/dependency_links.txt
[1.014s] writing entry points to ../../build/uav_control/uav_control.egg-info/entry_points.txt
[1.014s] writing requirements to ../../build/uav_control/uav_control.egg-info/requires.txt
[1.014s] writing top-level names to ../../build/uav_control/uav_control.egg-info/top_level.txt
[1.016s] reading manifest file '../../build/uav_control/uav_control.egg-info/SOURCES.txt'
[1.017s] writing manifest file '../../build/uav_control/uav_control.egg-info/SOURCES.txt'
[1.017s] running build
[1.017s] running build_py
[1.017s] copying uav_control/keyboard_teleop.py -> /home/tiago/HermesPerso/ros_ws/build/uav_control/build/lib/uav_control
[1.017s] running install
[1.017s] running install_lib
[1.019s] copying /home/tiago/HermesPerso/ros_ws/build/uav_control/build/lib/uav_control/keyboard_teleop.py -> /home/tiago/HermesPerso/ros_ws/install/uav_control/lib/python3.10/site-packages/uav_control
[1.020s] byte-compiling /home/tiago/HermesPerso/ros_ws/install/uav_control/lib/python3.10/site-packages/uav_control/keyboard_teleop.py to keyboard_teleop.cpython-310.pyc
[1.021s] running install_data
[1.022s] running install_egg_info
[1.023s] removing '/home/tiago/HermesPerso/ros_ws/install/uav_control/lib/python3.10/site-packages/uav_control-0.1.0-py3.10.egg-info' (and everything under it)
[1.024s] Copying ../../build/uav_control/uav_control.egg-info to /home/tiago/HermesPerso/ros_ws/install/uav_control/lib/python3.10/site-packages/uav_control-0.1.0-py3.10.egg-info
[1.024s] running install_scripts
[1.047s] Installing keyboard_teleop script to /home/tiago/HermesPerso/ros_ws/install/uav_control/lib/uav_control
[1.047s] writing list of installed files to '/home/tiago/HermesPerso/ros_ws/build/uav_control/install.log'
[1.076s] Invoked command in '/home/tiago/HermesPerso/ros_ws/src/uav_control' returned '0': PYTHONPATH=/home/tiago/HermesPerso/ros_ws/build/uav_control/prefix_override:/usr/lib/python3/dist-packages/colcon_core/task/python/colcon_distutils_commands:/home/tiago/HermesPerso/ros_ws/install/uav_control/lib/python3.10/site-packages:${PYTHONPATH} /usr/bin/python3 -W ignore:setup.py install is deprecated -W ignore:easy_install command is deprecated setup.py egg_info --egg-base ../../build/uav_control build --build-base /home/tiago/HermesPerso/ros_ws/build/uav_control/build install --record /home/tiago/HermesPerso/ros_ws/build/uav_control/install.log --install-scripts $base/lib/uav_control --single-version-externally-managed install_data
