running egg_info
writing ../../build/uav_control/uav_control.egg-info/PKG-INFO
writing dependency_links to ../../build/uav_control/uav_control.egg-info/dependency_links.txt
writing entry points to ../../build/uav_control/uav_control.egg-info/entry_points.txt
writing requirements to ../../build/uav_control/uav_control.egg-info/requires.txt
writing top-level names to ../../build/uav_control/uav_control.egg-info/top_level.txt
reading manifest file '../../build/uav_control/uav_control.egg-info/SOURCES.txt'
writing manifest file '../../build/uav_control/uav_control.egg-info/SOURCES.txt'
running build
running build_py
running install
running install_lib
running install_data
copying launch/mavros.launch.py -> /home/tiago/HermesPerso/ros_ws/install/uav_control/share/uav_control/launch
running install_egg_info
removing '/home/tiago/HermesPerso/ros_ws/install/uav_control/lib/python3.10/site-packages/uav_control-0.1.0-py3.10.egg-info' (and everything under it)
Copying ../../build/uav_control/uav_control.egg-info to /home/tiago/HermesPerso/ros_ws/install/uav_control/lib/python3.10/site-packages/uav_control-0.1.0-py3.10.egg-info
running install_scripts
Installing keyboard_teleop script to /home/tiago/HermesPerso/ros_ws/install/uav_control/lib/uav_control
writing list of installed files to '/home/tiago/HermesPerso/ros_ws/build/uav_control/install.log'
