[0.704s] Invoking command in '/home/tiago/HermesPerso/ros_ws/src/uav_control': PYTHONPATH=/home/tiago/HermesPerso/ros_ws/build/uav_control/prefix_override:/usr/lib/python3/dist-packages/colcon_core/task/python/colcon_distutils_commands:/home/tiago/HermesPerso/ros_ws/install/uav_control/lib/python3.10/site-packages:${PYTHONPATH} /usr/bin/python3 -W ignore:setup.py install is deprecated -W ignore:easy_install command is deprecated setup.py egg_info --egg-base ../../build/uav_control build --build-base /home/tiago/HermesPerso/ros_ws/build/uav_control/build install --record /home/tiago/HermesPerso/ros_ws/build/uav_control/install.log --install-scripts $base/lib/uav_control --single-version-externally-managed install_data
[1.001s] running egg_info
[1.002s] writing ../../build/uav_control/uav_control.egg-info/PKG-INFO
[1.002s] writing dependency_links to ../../build/uav_control/uav_control.egg-info/dependency_links.txt
[1.002s] writing entry points to ../../build/uav_control/uav_control.egg-info/entry_points.txt
[1.003s] writing requirements to ../../build/uav_control/uav_control.egg-info/requires.txt
[1.003s] writing top-level names to ../../build/uav_control/uav_control.egg-info/top_level.txt
[1.004s] reading manifest file '../../build/uav_control/uav_control.egg-info/SOURCES.txt'
[1.005s] writing manifest file '../../build/uav_control/uav_control.egg-info/SOURCES.txt'
[1.006s] running build
[1.006s] running build_py
[1.006s] running install
[1.006s] running install_lib
[1.009s] running install_data
[1.010s] copying launch/mavros.launch.py -> /home/tiago/HermesPerso/ros_ws/install/uav_control/share/uav_control/launch
[1.010s] running install_egg_info
[1.012s] removing '/home/tiago/HermesPerso/ros_ws/install/uav_control/lib/python3.10/site-packages/uav_control-0.1.0-py3.10.egg-info' (and everything under it)
[1.012s] Copying ../../build/uav_control/uav_control.egg-info to /home/tiago/HermesPerso/ros_ws/install/uav_control/lib/python3.10/site-packages/uav_control-0.1.0-py3.10.egg-info
[1.013s] running install_scripts
[1.035s] Installing keyboard_teleop script to /home/tiago/HermesPerso/ros_ws/install/uav_control/lib/uav_control
[1.036s] writing list of installed files to '/home/tiago/HermesPerso/ros_ws/build/uav_control/install.log'
[1.063s] Invoked command in '/home/tiago/HermesPerso/ros_ws/src/uav_control' returned '0': PYTHONPATH=/home/tiago/HermesPerso/ros_ws/build/uav_control/prefix_override:/usr/lib/python3/dist-packages/colcon_core/task/python/colcon_distutils_commands:/home/tiago/HermesPerso/ros_ws/install/uav_control/lib/python3.10/site-packages:${PYTHONPATH} /usr/bin/python3 -W ignore:setup.py install is deprecated -W ignore:easy_install command is deprecated setup.py egg_info --egg-base ../../build/uav_control build --build-base /home/tiago/HermesPerso/ros_ws/build/uav_control/build install --record /home/tiago/HermesPerso/ros_ws/build/uav_control/install.log --install-scripts $base/lib/uav_control --single-version-externally-managed install_data
